Searching with 2 threads for:
	5 pubkeys that start with '' and end with 'same'
Searched 1000000 keypairs in 12s. 0 matches found.
Searched 2000000 keypairs in 23s. 0 matches found.
Searched 3000000 keypairs in 36s. 0 matches found.
Searched 4000000 keypairs in 50s. 0 matches found.
Searched 5000000 keypairs in 60s. 0 matches found.
Searched 6000000 keypairs in 73s. 0 matches found.
Searched 7000000 keypairs in 87s. 0 matches found.
Searched 8000000 keypairs in 99s. 0 matches found.
Searched 9000000 keypairs in 110s. 0 matches found.
Searched 10000000 keypairs in 124s. 0 matches found.
Searched 11000000 keypairs in 137s. 0 matches found.
Searched 12000000 keypairs in 149s. 0 matches found.
Searched 13000000 keypairs in 161s. 0 matches found.
Searched 14000000 keypairs in 176s. 0 matches found.
Searched 15000000 keypairs in 189s. 0 matches found.
Searched 16000000 keypairs in 200s. 0 matches found.
Searched 17000000 keypairs in 214s. 0 matches found.
Searched 18000000 keypairs in 229s. 0 matches found.
Searched 19000000 keypairs in 242s. 0 matches found.
Searched 20000000 keypairs in 252s. 0 matches found.
Searched 21000000 keypairs in 267s. 0 matches found.
Searched 22000000 keypairs in 281s. 0 matches found.
Searched 23000000 keypairs in 293s. 0 matches found.
Searched 24000000 keypairs in 304s. 0 matches found.
Searched 25000000 keypairs in 317s. 0 matches found.
Searched 26000000 keypairs in 332s. 0 matches found.
Searched 27000000 keypairs in 346s. 0 matches found.
Searched 28000000 keypairs in 357s. 0 matches found.
Searched 29000000 keypairs in 371s. 0 matches found.
Searched 30000000 keypairs in 385s. 0 matches found.
Searched 31000000 keypairs in 401s. 0 matches found.
Searched 32000000 keypairs in 412s. 0 matches found.
Searched 33000000 keypairs in 426s. 0 matches found.
Searched 34000000 keypairs in 439s. 0 matches found.
Searched 35000000 keypairs in 453s. 0 matches found.
Searched 36000000 keypairs in 464s. 0 matches found.
Searched 37000000 keypairs in 476s. 0 matches found.
Searched 38000000 keypairs in 490s. 0 matches found.
Searched 39000000 keypairs in 502s. 0 matches found.
Searched 40000000 keypairs in 518s. 0 matches found.
Searched 41000000 keypairs in 530s. 0 matches found.
Searched 42000000 keypairs in 544s. 0 matches found.
Searched 43000000 keypairs in 557s. 0 matches found.
Searched 44000000 keypairs in 568s. 0 matches found.
Searched 45000000 keypairs in 580s. 0 matches found.
Searched 46000000 keypairs in 593s. 0 matches found.
Searched 47000000 keypairs in 605s. 0 matches found.
Searched 48000000 keypairs in 615s. 0 matches found.
Searched 49000000 keypairs in 629s. 0 matches found.
Searched 50000000 keypairs in 642s. 0 matches found.
Searched 51000000 keypairs in 652s. 0 matches found.
Searched 52000000 keypairs in 665s. 0 matches found.
Searched 53000000 keypairs in 678s. 0 matches found.
Searched 54000000 keypairs in 689s. 0 matches found.
Searched 55000000 keypairs in 701s. 0 matches found.
Searched 56000000 keypairs in 714s. 0 matches found.
Searched 57000000 keypairs in 726s. 0 matches found.
Searched 58000000 keypairs in 738s. 0 matches found.
Searched 59000000 keypairs in 752s. 0 matches found.
Searched 60000000 keypairs in 765s. 0 matches found.
Searched 61000000 keypairs in 775s. 0 matches found.
Searched 62000000 keypairs in 788s. 0 matches found.
Searched 63000000 keypairs in 802s. 0 matches found.
Searched 64000000 keypairs in 814s. 0 matches found.
Searched 65000000 keypairs in 824s. 0 matches found.
Searched 66000000 keypairs in 838s. 0 matches found.
Searched 67000000 keypairs in 851s. 0 matches found.
Searched 68000000 keypairs in 860s. 0 matches found.
Searched 69000000 keypairs in 874s. 0 matches found.
Searched 70000000 keypairs in 888s. 0 matches found.
Searched 71000000 keypairs in 901s. 0 matches found.
Searched 72000000 keypairs in 911s. 0 matches found.
Searched 73000000 keypairs in 925s. 0 matches found.
Searched 74000000 keypairs in 938s. 0 matches found.
Searched 75000000 keypairs in 950s. 0 matches found.
Searched 76000000 keypairs in 961s. 0 matches found.
Searched 77000000 keypairs in 974s. 0 matches found.
Searched 78000000 keypairs in 988s. 0 matches found.
Searched 79000000 keypairs in 999s. 0 matches found.
Searched 80000000 keypairs in 1012s. 0 matches found.
Searched 81000000 keypairs in 1026s. 0 matches found.
Searched 82000000 keypairs in 1038s. 0 matches found.
Searched 83000000 keypairs in 1050s. 0 matches found.
Searched 84000000 keypairs in 1063s. 0 matches found.
Searched 85000000 keypairs in 1076s. 0 matches found.
Searched 86000000 keypairs in 1086s. 0 matches found.
Searched 87000000 keypairs in 1099s. 0 matches found.
Searched 88000000 keypairs in 1113s. 0 matches found.
Searched 89000000 keypairs in 1123s. 0 matches found.
Searched 90000000 keypairs in 1135s. 0 matches found.
Searched 91000000 keypairs in 1149s. 0 matches found.
Searched 92000000 keypairs in 1160s. 0 matches found.
Searched 93000000 keypairs in 1172s. 0 matches found.
Searched 94000000 keypairs in 1185s. 0 matches found.
Searched 95000000 keypairs in 1198s. 0 matches found.
Searched 96000000 keypairs in 1208s. 0 matches found.
Searched 97000000 keypairs in 1222s. 0 matches found.
Searched 98000000 keypairs in 1235s. 0 matches found.
Searched 99000000 keypairs in 1245s. 0 matches found.
Searched 100000000 keypairs in 1258s. 0 matches found.
Searched 101000000 keypairs in 1271s. 0 matches found.
Searched 102000000 keypairs in 1284s. 0 matches found.
Searched 103000000 keypairs in 1294s. 0 matches found.
Searched 104000000 keypairs in 1307s. 0 matches found.
Searched 105000000 keypairs in 1321s. 0 matches found.
Searched 106000000 keypairs in 1331s. 0 matches found.
Searched 107000000 keypairs in 1345s. 0 matches found.
Searched 108000000 keypairs in 1358s. 0 matches found.
Searched 109000000 keypairs in 1368s. 0 matches found.
Searched 110000000 keypairs in 1380s. 0 matches found.
Searched 111000000 keypairs in 1394s. 0 matches found.
Searched 112000000 keypairs in 1409s. 0 matches found.
Searched 113000000 keypairs in 1419s. 0 matches found.
Searched 114000000 keypairs in 1431s. 0 matches found.
Searched 115000000 keypairs in 1444s. 0 matches found.
Searched 116000000 keypairs in 1456s. 0 matches found.
Searched 117000000 keypairs in 1468s. 0 matches found.
Searched 118000000 keypairs in 1481s. 0 matches found.
Searched 119000000 keypairs in 1494s. 0 matches found.
Searched 120000000 keypairs in 1505s. 0 matches found.
Searched 121000000 keypairs in 1517s. 0 matches found.
Searched 122000000 keypairs in 1531s. 0 matches found.
Searched 123000000 keypairs in 1543s. 0 matches found.
Searched 124000000 keypairs in 1553s. 0 matches found.
Searched 125000000 keypairs in 1567s. 0 matches found.
Searched 126000000 keypairs in 1579s. 0 matches found.
Searched 127000000 keypairs in 1591s. 0 matches found.
Searched 128000000 keypairs in 1603s. 0 matches found.
Searched 129000000 keypairs in 1616s. 0 matches found.
Searched 130000000 keypairs in 1628s. 0 matches found.
Searched 131000000 keypairs in 1639s. 0 matches found.
Searched 132000000 keypairs in 1653s. 0 matches found.
Searched 133000000 keypairs in 1666s. 0 matches found.
Searched 134000000 keypairs in 1675s. 0 matches found.
Searched 135000000 keypairs in 1689s. 0 matches found.
Searched 136000000 keypairs in 1703s. 0 matches found.
Searched 137000000 keypairs in 1715s. 0 matches found.
Searched 138000000 keypairs in 1725s. 0 matches found.
Searched 139000000 keypairs in 1739s. 0 matches found.
Searched 140000000 keypairs in 1752s. 0 matches found.
Searched 141000000 keypairs in 1763s. 0 matches found.
Searched 142000000 keypairs in 1775s. 0 matches found.
Searched 143000000 keypairs in 1788s. 0 matches found.
Searched 144000000 keypairs in 1800s. 0 matches found.
Searched 145000000 keypairs in 1811s. 0 matches found.
Searched 146000000 keypairs in 1825s. 0 matches found.
Searched 147000000 keypairs in 1838s. 0 matches found.
Searched 148000000 keypairs in 1848s. 0 matches found.
Searched 149000000 keypairs in 1861s. 0 matches found.
Searched 150000000 keypairs in 1875s. 0 matches found.
Searched 151000000 keypairs in 1888s. 0 matches found.
Searched 152000000 keypairs in 1898s. 0 matches found.
Searched 153000000 keypairs in 1911s. 0 matches found.
Searched 154000000 keypairs in 1924s. 0 matches found.
Searched 155000000 keypairs in 1934s. 0 matches found.
Wrote keypair to 8yqrP6nnjtthUtd5x9DQj5koawui7H6hstRj3wQsame.json
Searched 156000000 keypairs in 1948s. 1 matches found.
Searched 157000000 keypairs in 1961s. 1 matches found.
Searched 158000000 keypairs in 1972s. 1 matches found.
Searched 159000000 keypairs in 1984s. 1 matches found.
Searched 160000000 keypairs in 1997s. 1 matches found.
Searched 161000000 keypairs in 2011s. 1 matches found.
Searched 162000000 keypairs in 2021s. 1 matches found.
Searched 163000000 keypairs in 2033s. 1 matches found.
Searched 164000000 keypairs in 2047s. 1 matches found.
Searched 165000000 keypairs in 2060s. 1 matches found.
Searched 166000000 keypairs in 2076s. 1 matches found.
Searched 167000000 keypairs in 2087s. 1 matches found.
Searched 168000000 keypairs in 2100s. 1 matches found.
Searched 169000000 keypairs in 2114s. 1 matches found.
Searched 170000000 keypairs in 2126s. 1 matches found.
Searched 171000000 keypairs in 2137s. 1 matches found.
Searched 172000000 keypairs in 2151s. 1 matches found.
Searched 173000000 keypairs in 2163s. 1 matches found.
Searched 174000000 keypairs in 2173s. 1 matches found.
Searched 175000000 keypairs in 2187s. 1 matches found.
Searched 176000000 keypairs in 2200s. 1 matches found.
Searched 177000000 keypairs in 2210s. 1 matches found.
Searched 178000000 keypairs in 2223s. 1 matches found.
Searched 179000000 keypairs in 2238s. 1 matches found.
Searched 180000000 keypairs in 2251s. 1 matches found.
Searched 181000000 keypairs in 2263s. 1 matches found.
Searched 182000000 keypairs in 2276s. 1 matches found.
Searched 183000000 keypairs in 2289s. 1 matches found.
Searched 184000000 keypairs in 2301s. 1 matches found.
Searched 185000000 keypairs in 2315s. 1 matches found.
Searched 186000000 keypairs in 2329s. 1 matches found.
Searched 187000000 keypairs in 2342s. 1 matches found.
Searched 188000000 keypairs in 2354s. 1 matches found.
Searched 189000000 keypairs in 2365s. 1 matches found.
Searched 190000000 keypairs in 2379s. 1 matches found.
Searched 191000000 keypairs in 2392s. 1 matches found.
Searched 192000000 keypairs in 2403s. 1 matches found.
Searched 193000000 keypairs in 2416s. 1 matches found.
Searched 194000000 keypairs in 2430s. 1 matches found.
Searched 195000000 keypairs in 2443s. 1 matches found.
Searched 196000000 keypairs in 2453s. 1 matches found.
Searched 197000000 keypairs in 2466s. 1 matches found.
Searched 198000000 keypairs in 2480s. 1 matches found.
Searched 199000000 keypairs in 2492s. 1 matches found.
Searched 200000000 keypairs in 2504s. 1 matches found.
Searched 201000000 keypairs in 2517s. 1 matches found.
Searched 202000000 keypairs in 2530s. 1 matches found.
Searched 203000000 keypairs in 2540s. 1 matches found.
Searched 204000000 keypairs in 2554s. 1 matches found.
Searched 205000000 keypairs in 2567s. 1 matches found.
Searched 206000000 keypairs in 2577s. 1 matches found.
Searched 207000000 keypairs in 2590s. 1 matches found.
Searched 208000000 keypairs in 2607s. 1 matches found.
Searched 209000000 keypairs in 2621s. 1 matches found.
Searched 210000000 keypairs in 2633s. 1 matches found.
Searched 211000000 keypairs in 2644s. 1 matches found.
Searched 212000000 keypairs in 2658s. 1 matches found.
Searched 213000000 keypairs in 2672s. 1 matches found.
Searched 214000000 keypairs in 2682s. 1 matches found.
Searched 215000000 keypairs in 2695s. 1 matches found.
Searched 216000000 keypairs in 2708s. 1 matches found.
Searched 217000000 keypairs in 2720s. 1 matches found.
Searched 218000000 keypairs in 2732s. 1 matches found.
Searched 219000000 keypairs in 2745s. 1 matches found.
Searched 220000000 keypairs in 2758s. 1 matches found.
Searched 221000000 keypairs in 2775s. 1 matches found.
Searched 222000000 keypairs in 2785s. 1 matches found.
Searched 223000000 keypairs in 2798s. 1 matches found.
Searched 224000000 keypairs in 2811s. 1 matches found.
Searched 225000000 keypairs in 2823s. 1 matches found.
Searched 226000000 keypairs in 2835s. 1 matches found.
Searched 227000000 keypairs in 2848s. 1 matches found.
Searched 228000000 keypairs in 2862s. 1 matches found.
Searched 229000000 keypairs in 2876s. 1 matches found.
Searched 230000000 keypairs in 2887s. 1 matches found.
Searched 231000000 keypairs in 2900s. 1 matches found.
Searched 232000000 keypairs in 2917s. 1 matches found.
Searched 233000000 keypairs in 2929s. 1 matches found.
Searched 234000000 keypairs in 2940s. 1 matches found.
Wrote keypair to zbeR3BbYDN3w2FxiTTPtAaFWKbUfjNUd6M7tsN1same.json
Searched 235000000 keypairs in 2953s. 2 matches found.
Searched 236000000 keypairs in 2967s. 2 matches found.
Searched 237000000 keypairs in 2976s. 2 matches found.
Searched 238000000 keypairs in 2990s. 2 matches found.
Searched 239000000 keypairs in 3003s. 2 matches found.
Searched 240000000 keypairs in 3014s. 2 matches found.
Searched 241000000 keypairs in 3026s. 2 matches found.
Searched 242000000 keypairs in 3039s. 2 matches found.
Searched 243000000 keypairs in 3052s. 2 matches found.
Searched 244000000 keypairs in 3062s. 2 matches found.
Searched 245000000 keypairs in 3076s. 2 matches found.
Searched 246000000 keypairs in 3089s. 2 matches found.
Searched 247000000 keypairs in 3101s. 2 matches found.
Searched 248000000 keypairs in 3112s. 2 matches found.
Searched 249000000 keypairs in 3125s. 2 matches found.
Searched 250000000 keypairs in 3138s. 2 matches found.
Searched 251000000 keypairs in 3149s. 2 matches found.
Searched 252000000 keypairs in 3162s. 2 matches found.
Searched 253000000 keypairs in 3175s. 2 matches found.
Searched 254000000 keypairs in 3186s. 2 matches found.
Searched 255000000 keypairs in 3198s. 2 matches found.
Searched 256000000 keypairs in 3212s. 2 matches found.
Searched 257000000 keypairs in 3224s. 2 matches found.
Searched 258000000 keypairs in 3234s. 2 matches found.
Searched 259000000 keypairs in 3248s. 2 matches found.
Searched 260000000 keypairs in 3261s. 2 matches found.
Searched 261000000 keypairs in 3272s. 2 matches found.
Searched 262000000 keypairs in 3284s. 2 matches found.
Searched 263000000 keypairs in 3297s. 2 matches found.
Searched 264000000 keypairs in 3310s. 2 matches found.
Searched 265000000 keypairs in 3320s. 2 matches found.
Searched 266000000 keypairs in 3334s. 2 matches found.
Searched 267000000 keypairs in 3347s. 2 matches found.
Searched 268000000 keypairs in 3358s. 2 matches found.
Searched 269000000 keypairs in 3371s. 2 matches found.
Searched 270000000 keypairs in 3385s. 2 matches found.
Searched 271000000 keypairs in 3397s. 2 matches found.
Searched 272000000 keypairs in 3407s. 2 matches found.
Searched 273000000 keypairs in 3423s. 2 matches found.
Searched 274000000 keypairs in 3437s. 2 matches found.
Searched 275000000 keypairs in 3450s. 2 matches found.
Searched 276000000 keypairs in 3460s. 2 matches found.
Searched 277000000 keypairs in 3473s. 2 matches found.
Searched 278000000 keypairs in 3487s. 2 matches found.
Searched 279000000 keypairs in 3500s. 2 matches found.
Searched 280000000 keypairs in 3511s. 2 matches found.
Searched 281000000 keypairs in 3524s. 2 matches found.
Searched 282000000 keypairs in 3537s. 2 matches found.
Searched 283000000 keypairs in 3548s. 2 matches found.
Searched 284000000 keypairs in 3560s. 2 matches found.
Searched 285000000 keypairs in 3574s. 2 matches found.
Searched 286000000 keypairs in 3586s. 2 matches found.
Searched 287000000 keypairs in 3597s. 2 matches found.
Searched 288000000 keypairs in 3613s. 2 matches found.
Searched 289000000 keypairs in 3627s. 2 matches found.
Searched 290000000 keypairs in 3640s. 2 matches found.
Searched 291000000 keypairs in 3650s. 2 matches found.
Searched 292000000 keypairs in 3665s. 2 matches found.
Searched 293000000 keypairs in 3678s. 2 matches found.
Searched 294000000 keypairs in 3691s. 2 matches found.
Searched 295000000 keypairs in 3702s. 2 matches found.
Searched 296000000 keypairs in 3715s. 2 matches found.
Searched 297000000 keypairs in 3728s. 2 matches found.
Searched 298000000 keypairs in 3738s. 2 matches found.
Searched 299000000 keypairs in 3752s. 2 matches found.
Searched 300000000 keypairs in 3765s. 2 matches found.
Searched 301000000 keypairs in 3777s. 2 matches found.
Searched 302000000 keypairs in 3788s. 2 matches found.
Searched 303000000 keypairs in 3801s. 2 matches found.
Searched 304000000 keypairs in 3815s. 2 matches found.
Searched 305000000 keypairs in 3825s. 2 matches found.
Searched 306000000 keypairs in 3838s. 2 matches found.
Searched 307000000 keypairs in 3851s. 2 matches found.
Searched 308000000 keypairs in 3868s. 2 matches found.
Searched 309000000 keypairs in 3882s. 2 matches found.
Searched 310000000 keypairs in 3892s. 2 matches found.
Searched 311000000 keypairs in 3905s. 2 matches found.
Searched 312000000 keypairs in 3918s. 2 matches found.
Searched 313000000 keypairs in 3932s. 2 matches found.
Searched 314000000 keypairs in 3942s. 2 matches found.
Searched 315000000 keypairs in 3956s. 2 matches found.
Searched 316000000 keypairs in 3970s. 2 matches found.
Searched 317000000 keypairs in 3980s. 2 matches found.
Searched 318000000 keypairs in 3993s. 2 matches found.
Searched 319000000 keypairs in 4006s. 2 matches found.
Searched 320000000 keypairs in 4019s. 2 matches found.
Searched 321000000 keypairs in 4029s. 2 matches found.
Wrote keypair to FNFog3xL74huRwPLKyyy77aCxoj385dhx1xWAHXsame.json
Searched 322000000 keypairs in 4042s. 3 matches found.
Searched 323000000 keypairs in 4056s. 3 matches found.
Searched 324000000 keypairs in 4068s. 3 matches found.
Searched 325000000 keypairs in 4083s. 3 matches found.
Searched 326000000 keypairs in 4095s. 3 matches found.
Searched 327000000 keypairs in 4109s. 3 matches found.
Searched 328000000 keypairs in 4122s. 3 matches found.
Searched 329000000 keypairs in 4132s. 3 matches found.
Searched 330000000 keypairs in 4146s. 3 matches found.
Searched 331000000 keypairs in 4159s. 3 matches found.
Searched 332000000 keypairs in 4170s. 3 matches found.
Searched 333000000 keypairs in 4182s. 3 matches found.
Searched 334000000 keypairs in 4195s. 3 matches found.
Searched 335000000 keypairs in 4211s. 3 matches found.
Searched 336000000 keypairs in 4223s. 3 matches found.
Searched 337000000 keypairs in 4235s. 3 matches found.
Searched 338000000 keypairs in 4249s. 3 matches found.
Searched 339000000 keypairs in 4262s. 3 matches found.
Searched 340000000 keypairs in 4273s. 3 matches found.
Searched 341000000 keypairs in 4286s. 3 matches found.
Searched 342000000 keypairs in 4299s. 3 matches found.
Searched 343000000 keypairs in 4312s. 3 matches found.
Searched 344000000 keypairs in 4322s. 3 matches found.
Searched 345000000 keypairs in 4336s. 3 matches found.
Searched 346000000 keypairs in 4349s. 3 matches found.
Searched 347000000 keypairs in 4361s. 3 matches found.
Searched 348000000 keypairs in 4372s. 3 matches found.
Searched 349000000 keypairs in 4386s. 3 matches found.
Searched 350000000 keypairs in 4398s. 3 matches found.
Searched 351000000 keypairs in 4410s. 3 matches found.
Searched 352000000 keypairs in 4423s. 3 matches found.
Searched 353000000 keypairs in 4436s. 3 matches found.
Searched 354000000 keypairs in 4448s. 3 matches found.
Searched 355000000 keypairs in 4459s. 3 matches found.
Searched 356000000 keypairs in 4473s. 3 matches found.
Searched 357000000 keypairs in 4486s. 3 matches found.
Searched 358000000 keypairs in 4496s. 3 matches found.
Searched 359000000 keypairs in 4509s. 3 matches found.
Searched 360000000 keypairs in 4523s. 3 matches found.
Searched 361000000 keypairs in 4536s. 3 matches found.
Searched 362000000 keypairs in 4547s. 3 matches found.
Searched 363000000 keypairs in 4560s. 3 matches found.
Searched 364000000 keypairs in 4573s. 3 matches found.
Searched 365000000 keypairs in 4584s. 3 matches found.
Searched 366000000 keypairs in 4597s. 3 matches found.
Searched 367000000 keypairs in 4610s. 3 matches found.
Searched 368000000 keypairs in 4623s. 3 matches found.
Searched 369000000 keypairs in 4634s. 3 matches found.
Searched 370000000 keypairs in 4648s. 3 matches found.
Searched 371000000 keypairs in 4661s. 3 matches found.
Searched 372000000 keypairs in 4672s. 3 matches found.
Searched 373000000 keypairs in 4684s. 3 matches found.
Searched 374000000 keypairs in 4699s. 3 matches found.
Searched 375000000 keypairs in 4716s. 3 matches found.
Searched 376000000 keypairs in 4731s. 3 matches found.
Searched 377000000 keypairs in 4744s. 3 matches found.
Searched 378000000 keypairs in 4760s. 3 matches found.
Searched 379000000 keypairs in 4776s. 3 matches found.
Searched 380000000 keypairs in 4790s. 3 matches found.
Searched 381000000 keypairs in 4802s. 3 matches found.
Searched 382000000 keypairs in 4812s. 3 matches found.
Searched 383000000 keypairs in 4827s. 3 matches found.
Searched 384000000 keypairs in 4844s. 3 matches found.
Searched 385000000 keypairs in 4858s. 3 matches found.
Searched 386000000 keypairs in 4869s. 3 matches found.
Searched 387000000 keypairs in 4881s. 3 matches found.
Searched 388000000 keypairs in 4894s. 3 matches found.
Searched 389000000 keypairs in 4908s. 3 matches found.
Searched 390000000 keypairs in 4917s. 3 matches found.
Searched 391000000 keypairs in 4930s. 3 matches found.
Searched 392000000 keypairs in 4943s. 3 matches found.
Searched 393000000 keypairs in 4956s. 3 matches found.
Searched 394000000 keypairs in 4967s. 3 matches found.
Searched 395000000 keypairs in 4980s. 3 matches found.
Searched 396000000 keypairs in 4993s. 3 matches found.
Searched 397000000 keypairs in 5003s. 3 matches found.
Searched 398000000 keypairs in 5017s. 3 matches found.
Searched 399000000 keypairs in 5030s. 3 matches found.
Searched 400000000 keypairs in 5043s. 3 matches found.
Searched 401000000 keypairs in 5054s. 3 matches found.
Searched 402000000 keypairs in 5068s. 3 matches found.
Searched 403000000 keypairs in 5082s. 3 matches found.
Searched 404000000 keypairs in 5092s. 3 matches found.
Searched 405000000 keypairs in 5105s. 3 matches found.
Searched 406000000 keypairs in 5118s. 3 matches found.
Searched 407000000 keypairs in 5132s. 3 matches found.
Searched 408000000 keypairs in 5148s. 3 matches found.
Searched 409000000 keypairs in 5160s. 3 matches found.
Searched 410000000 keypairs in 5174s. 3 matches found.
Searched 411000000 keypairs in 5189s. 3 matches found.
Searched 412000000 keypairs in 5203s. 3 matches found.
Searched 413000000 keypairs in 5214s. 3 matches found.
Searched 414000000 keypairs in 5227s. 3 matches found.
Searched 415000000 keypairs in 5240s. 3 matches found.
Searched 416000000 keypairs in 5253s. 3 matches found.
Searched 417000000 keypairs in 5263s. 3 matches found.
Searched 418000000 keypairs in 5277s. 3 matches found.
Searched 419000000 keypairs in 5291s. 3 matches found.
Searched 420000000 keypairs in 5303s. 3 matches found.
Searched 421000000 keypairs in 5314s. 3 matches found.
Searched 422000000 keypairs in 5328s. 3 matches found.
Searched 423000000 keypairs in 5341s. 3 matches found.
Searched 424000000 keypairs in 5352s. 3 matches found.
Searched 425000000 keypairs in 5364s. 3 matches found.
Searched 426000000 keypairs in 5378s. 3 matches found.
Searched 427000000 keypairs in 5392s. 3 matches found.
Searched 428000000 keypairs in 5406s. 3 matches found.
Searched 429000000 keypairs in 5417s. 3 matches found.
Searched 430000000 keypairs in 5431s. 3 matches found.
Searched 431000000 keypairs in 5445s. 3 matches found.
Searched 432000000 keypairs in 5455s. 3 matches found.
Searched 433000000 keypairs in 5468s. 3 matches found.
Searched 434000000 keypairs in 5481s. 3 matches found.
Searched 435000000 keypairs in 5494s. 3 matches found.
Searched 436000000 keypairs in 5504s. 3 matches found.
Searched 437000000 keypairs in 5517s. 3 matches found.
Searched 438000000 keypairs in 5531s. 3 matches found.
Searched 439000000 keypairs in 5542s. 3 matches found.
Searched 440000000 keypairs in 5555s. 3 matches found.
Searched 441000000 keypairs in 5568s. 3 matches found.
Searched 442000000 keypairs in 5581s. 3 matches found.
Searched 443000000 keypairs in 5591s. 3 matches found.
Searched 444000000 keypairs in 5604s. 3 matches found.
Searched 445000000 keypairs in 5618s. 3 matches found.
Searched 446000000 keypairs in 5630s. 3 matches found.
Searched 447000000 keypairs in 5642s. 3 matches found.
Searched 448000000 keypairs in 5655s. 3 matches found.
Searched 449000000 keypairs in 5669s. 3 matches found.
Searched 450000000 keypairs in 5679s. 3 matches found.
Searched 451000000 keypairs in 5691s. 3 matches found.
Searched 452000000 keypairs in 5704s. 3 matches found.
Searched 453000000 keypairs in 5717s. 3 matches found.
Searched 454000000 keypairs in 5728s. 3 matches found.
Searched 455000000 keypairs in 5742s. 3 matches found.
Searched 456000000 keypairs in 5755s. 3 matches found.
Searched 457000000 keypairs in 5768s. 3 matches found.
Searched 458000000 keypairs in 5779s. 3 matches found.
Wrote keypair to ioEv3GqLdsfc4YX5EGFEdA8VneDDRnRCceQpHuqsame.json
Searched 459000000 keypairs in 5793s. 4 matches found.
Searched 460000000 keypairs in 5806s. 4 matches found.
Searched 461000000 keypairs in 5815s. 4 matches found.
Searched 462000000 keypairs in 5828s. 4 matches found.
Searched 463000000 keypairs in 5842s. 4 matches found.
Searched 464000000 keypairs in 5855s. 4 matches found.
Searched 465000000 keypairs in 5865s. 4 matches found.
Searched 466000000 keypairs in 5880s. 4 matches found.
Searched 467000000 keypairs in 5895s. 4 matches found.
Searched 468000000 keypairs in 5911s. 4 matches found.
Searched 469000000 keypairs in 5927s. 4 matches found.
Searched 470000000 keypairs in 5944s. 4 matches found.
Searched 471000000 keypairs in 5963s. 4 matches found.
Searched 472000000 keypairs in 5978s. 4 matches found.
Searched 473000000 keypairs in 5990s. 4 matches found.
Searched 474000000 keypairs in 6002s. 4 matches found.
Searched 475000000 keypairs in 6015s. 4 matches found.
Searched 476000000 keypairs in 6029s. 4 matches found.
Searched 477000000 keypairs in 6039s. 4 matches found.
Searched 478000000 keypairs in 6052s. 4 matches found.
